<html>
<head>
<title>TestNG:  Test</title>
<link href="../testng.css" rel="stylesheet" type="text/css" />
<link href="../my-testng.css" rel="stylesheet" type="text/css" />

<style type="text/css">
.log { display: none;} 
.stack-trace { display: none;} 
</style>
<script type="text/javascript">
<!--
function flip(e) {
  current = e.style.display;
  if (current == 'block') {
    e.style.display = 'none';
    return 0;
  }
  else {
    e.style.display = 'block';
    return 1;
  }
}

function toggleBox(szDivId, elem, msg1, msg2)
{
  var res = -1;  if (document.getElementById) {
    res = flip(document.getElementById(szDivId));
  }
  else if (document.all) {
    // this is the way old msie versions work
    res = flip(document.all[szDivId]);
  }
  if(elem) {
    if(res == 0) elem.innerHTML = msg1; else elem.innerHTML = msg2;
  }

}

function toggleAllBoxes() {
  if (document.getElementsByTagName) {
    d = document.getElementsByTagName('div');
    for (i = 0; i < d.length; i++) {
      if (d[i].className == 'log') {
        flip(d[i]);
      }
    }
  }
}

// -->
</script>

</head>
<body>
<h2 align='center'>Test</h2><table border='1' align="center">
<tr>
<td>Tests passed/Failed/Skipped:</td><td>40/2/1</td>
</tr><tr>
<td>Started on:</td><td>Wed Jun 24 10:07:16 EDT 2020</td>
</tr>
<tr><td>Total time:</td><td>102 seconds (102983 ms)</td>
</tr><tr>
<td>Included groups:</td><td></td>
</tr><tr>
<td>Excluded groups:</td><td></td>
</tr>
</table><p/>
<small><i>(Hover the method name to see the test class name)</i></small><p/>
<table width='100%' border='1' class='invocation-failed'>
<tr><td colspan='4' align='center'><b>FAILED TESTS</b></td></tr>
<tr><td><b>Test method</b></td>
<td width="30%"><b>Exception</b></td>
<td width="10%"><b>Time (seconds)</b></td>
<td><b>Instance</b></td>
</tr>
<tr>
<td title='expediatest.Assertions.AssertionsRep()'><b>AssertionsRep</b><br>Test class: expediatest.Assertions</td>
<td><div><pre>java.lang.AssertionError: The following asserts failed:
	expected [Yahoo] but found [gmail],
	expected [false] but found [true]
	at expediatest.Assertions.AssertionsRep(Assertions.java:27)
	at java.base/java.util.ArrayList.forEach(ArrayList.java:1510)
... Removed 30 stack frames</pre></div><a href='#' onClick='toggleBox("stack-trace1735330400", this, "Click to show all stack frames", "Click to hide stack frames")'>Click to show all stack frames</a>
<div class='stack-trace' id='stack-trace1735330400'><pre>java.lang.AssertionError: The following asserts failed:
	expected [Yahoo] but found [gmail],
	expected [false] but found [true]
	at org.testng.asserts.SoftAssert.assertAll(SoftAssert.java:47)
	at org.testng.asserts.SoftAssert.assertAll(SoftAssert.java:31)
	at expediatest.Assertions.AssertionsRep(Assertions.java:27)
	at java.base/jdk.internal.reflect.NativeMethodAccessorImpl.invoke0(Native Method)
	at java.base/jdk.internal.reflect.NativeMethodAccessorImpl.invoke(NativeMethodAccessorImpl.java:62)
	at java.base/jdk.internal.reflect.DelegatingMethodAccessorImpl.invoke(DelegatingMethodAccessorImpl.java:43)
	at java.base/java.lang.reflect.Method.invoke(Method.java:564)
	at org.testng.internal.MethodInvocationHelper.invokeMethod(MethodInvocationHelper.java:134)
	at org.testng.internal.TestInvoker.invokeMethod(TestInvoker.java:597)
	at org.testng.internal.TestInvoker.invokeTestMethod(TestInvoker.java:173)
	at org.testng.internal.MethodRunner.runInSequence(MethodRunner.java:46)
	at org.testng.internal.TestInvoker$MethodInvocationAgent.invoke(TestInvoker.java:816)
	at org.testng.internal.TestInvoker.invokeTestMethods(TestInvoker.java:146)
	at org.testng.internal.TestMethodWorker.invokeTestMethods(TestMethodWorker.java:146)
	at org.testng.internal.TestMethodWorker.run(TestMethodWorker.java:128)
	at java.base/java.util.ArrayList.forEach(ArrayList.java:1510)
	at org.testng.TestRunner.privateRun(TestRunner.java:766)
	at org.testng.TestRunner.run(TestRunner.java:587)
	at org.testng.SuiteRunner.runTest(SuiteRunner.java:384)
	at org.testng.SuiteRunner.runSequentially(SuiteRunner.java:378)
	at org.testng.SuiteRunner.privateRun(SuiteRunner.java:337)
	at org.testng.SuiteRunner.run(SuiteRunner.java:286)
	at org.testng.SuiteRunnerWorker.runSuite(SuiteRunnerWorker.java:53)
	at org.testng.SuiteRunnerWorker.run(SuiteRunnerWorker.java:96)
	at org.testng.TestNG.runSuitesSequentially(TestNG.java:1187)
	at org.testng.TestNG.runSuitesSequentially(TestNG.java:1182)
	at org.testng.TestNG.runSuitesLocally(TestNG.java:1109)
	at org.testng.TestNG.runSuites(TestNG.java:1039)
	at org.testng.TestNG.run(TestNG.java:1007)
	at org.testng.remote.AbstractRemoteTestNG.run(AbstractRemoteTestNG.java:115)
	at org.testng.remote.RemoteTestNG.initAndRun(RemoteTestNG.java:251)
	at org.testng.remote.RemoteTestNG.main(RemoteTestNG.java:77)
</pre></div></td>
<td>0</td>
<td>expediatest.Assertions@4a22f9e2</td></tr>
<tr>
<td title='Parameteization.ReadWriteExcel.writingExcel()'><b>writingExcel</b><br>Test class: Parameteization.ReadWriteExcel</td>
<td><div><pre>java.lang.NoClassDefFoundError: org/apache/xmlbeans/XmlObject
	at Parameteization.ReadWriteExcel.writingExcel(ReadWriteExcel.java:21)
	at java.base/java.util.ArrayList.forEach(ArrayList.java:1510)
Caused by: java.lang.ClassNotFoundException: org.apache.xmlbeans.XmlObject
	at java.base/jdk.internal.loader.BuiltinClassLoader.loadClass(BuiltinClassLoader.java:602)
	at java.base/jdk.internal.loader.ClassLoaders$AppClassLoader.loadClass(ClassLoaders.java:178)
	at java.base/java.lang.ClassLoader.loadClass(ClassLoader.java:522)
	... 30 more
... Removed 28 stack frames</pre></div><a href='#' onClick='toggleBox("stack-trace877804870", this, "Click to show all stack frames", "Click to hide stack frames")'>Click to show all stack frames</a>
<div class='stack-trace' id='stack-trace877804870'><pre>java.lang.NoClassDefFoundError: org/apache/xmlbeans/XmlObject
	at Parameteization.ReadWriteExcel.writingExcel(ReadWriteExcel.java:21)
	at java.base/jdk.internal.reflect.NativeMethodAccessorImpl.invoke0(Native Method)
	at java.base/jdk.internal.reflect.NativeMethodAccessorImpl.invoke(NativeMethodAccessorImpl.java:62)
	at java.base/jdk.internal.reflect.DelegatingMethodAccessorImpl.invoke(DelegatingMethodAccessorImpl.java:43)
	at java.base/java.lang.reflect.Method.invoke(Method.java:564)
	at org.testng.internal.MethodInvocationHelper.invokeMethod(MethodInvocationHelper.java:134)
	at org.testng.internal.TestInvoker.invokeMethod(TestInvoker.java:597)
	at org.testng.internal.TestInvoker.invokeTestMethod(TestInvoker.java:173)
	at org.testng.internal.MethodRunner.runInSequence(MethodRunner.java:46)
	at org.testng.internal.TestInvoker$MethodInvocationAgent.invoke(TestInvoker.java:816)
	at org.testng.internal.TestInvoker.invokeTestMethods(TestInvoker.java:146)
	at org.testng.internal.TestMethodWorker.invokeTestMethods(TestMethodWorker.java:146)
	at org.testng.internal.TestMethodWorker.run(TestMethodWorker.java:128)
	at java.base/java.util.ArrayList.forEach(ArrayList.java:1510)
	at org.testng.TestRunner.privateRun(TestRunner.java:766)
	at org.testng.TestRunner.run(TestRunner.java:587)
	at org.testng.SuiteRunner.runTest(SuiteRunner.java:384)
	at org.testng.SuiteRunner.runSequentially(SuiteRunner.java:378)
	at org.testng.SuiteRunner.privateRun(SuiteRunner.java:337)
	at org.testng.SuiteRunner.run(SuiteRunner.java:286)
	at org.testng.SuiteRunnerWorker.runSuite(SuiteRunnerWorker.java:53)
	at org.testng.SuiteRunnerWorker.run(SuiteRunnerWorker.java:96)
	at org.testng.TestNG.runSuitesSequentially(TestNG.java:1187)
	at org.testng.TestNG.runSuitesSequentially(TestNG.java:1182)
	at org.testng.TestNG.runSuitesLocally(TestNG.java:1109)
	at org.testng.TestNG.runSuites(TestNG.java:1039)
	at org.testng.TestNG.run(TestNG.java:1007)
	at org.testng.remote.AbstractRemoteTestNG.run(AbstractRemoteTestNG.java:115)
	at org.testng.remote.RemoteTestNG.initAndRun(RemoteTestNG.java:251)
	at org.testng.remote.RemoteTestNG.main(RemoteTestNG.java:77)
Caused by: java.lang.ClassNotFoundException: org.apache.xmlbeans.XmlObject
	at java.base/jdk.internal.loader.BuiltinClassLoader.loadClass(BuiltinClassLoader.java:602)
	at java.base/jdk.internal.loader.ClassLoaders$AppClassLoader.loadClass(ClassLoaders.java:178)
	at java.base/java.lang.ClassLoader.loadClass(ClassLoader.java:522)
	... 30 more
</pre></div></td>
<td>0</td>
<td>Parameteization.ReadWriteExcel@cd3fee8</td></tr>
</table><p>
<table width='100%' border='1' class='invocation-passed'>
<tr><td colspan='4' align='center'><b>PASSED TESTS</b></td></tr>
<tr><td><b>Test method</b></td>
<td width="30%"><b>Exception</b></td>
<td width="10%"><b>Time (seconds)</b></td>
<td><b>Instance</b></td>
</tr>
<tr>
<td title='expediatest.CheckBox.box()'><b>box</b><br>Test class: expediatest.CheckBox</td>
<td></td>
<td>6</td>
<td>expediatest.CheckBox@3d680b5a</td></tr>
<tr>
<td title='RegressionTest.CheckBox.box()'><b>box</b><br>Test class: RegressionTest.CheckBox</td>
<td></td>
<td>6</td>
<td>RegressionTest.CheckBox@61230f6a</td></tr>
<tr>
<td title='expediatest.expediaElement.exElement()'><b>exElement</b><br>Test class: expediatest.expediaElement</td>
<td></td>
<td>8</td>
<td>expediatest.expediaElement@48e4374</td></tr>
<tr>
<td title='expediatest.expediaElement.expediahome()'><b>expediahome</b><br>Test class: expediatest.expediaElement</td>
<td></td>
<td>9</td>
<td>expediatest.expediaElement@48e4374</td></tr>
<tr>
<td title='expediatest.CheckBox.expediahome()'><b>expediahome</b><br>Test class: expediatest.CheckBox</td>
<td></td>
<td>15</td>
<td>expediatest.CheckBox@3d680b5a</td></tr>
<tr>
<td title='RegressionTest.BaseExpedia.expediahome()'><b>expediahome</b><br>Test class: RegressionTest.BaseExpedia</td>
<td></td>
<td>16</td>
<td>RegressionTest.BaseExpedia@3c419631</td></tr>
<tr>
<td title='expediatest.BaseExpedia.expediahome()'><b>expediahome</b><br>Test class: expediatest.BaseExpedia</td>
<td></td>
<td>19</td>
<td>expediatest.BaseExpedia@418e7838</td></tr>
<tr>
<td title='RegressionTest.CheckBox.expediahome()'><b>expediahome</b><br>Test class: RegressionTest.CheckBox</td>
<td></td>
<td>20</td>
<td>RegressionTest.CheckBox@61230f6a</td></tr>
<tr>
<td title='Parameteization.TestParameterization.getLogin()'><b>getLogin</b><br>Test class: Parameteization.TestParameterization<br>Parameters: BABY POWDER UNISEX, jelly22fih</td>
<td></td>
<td>0</td>
<td>Parameteization.TestParameterization@4b5d6a01</td></tr>
<tr>
<td title='Parameteization.TestParameterization.getLogin()'><b>getLogin</b><br>Test class: Parameteization.TestParameterization<br>Parameters: 1 MILLION MEN, 1Ki77y</td>
<td></td>
<td>0</td>
<td>Parameteization.TestParameterization@4b5d6a01</td></tr>
<tr>
<td title='Parameteization.TestParameterization.getLogin()'><b>getLogin</b><br>Test class: Parameteization.TestParameterization<br>Parameters: 212 MEN, m3llycat</td>
<td></td>
<td>0</td>
<td>Parameteization.TestParameterization@4b5d6a01</td></tr>
<tr>
<td title='Parameteization.TestParameterization.getLogin()'><b>getLogin</b><br>Test class: Parameteization.TestParameterization<br>Parameters: null, null</td>
<td></td>
<td>0</td>
<td>Parameteization.TestParameterization@4b5d6a01</td></tr>
<tr>
<td title='Parameteization.TestParameterization.getLogin()'><b>getLogin</b><br>Test class: Parameteization.TestParameterization<br>Parameters: null, null</td>
<td></td>
<td>0</td>
<td>Parameteization.TestParameterization@4b5d6a01</td></tr>
<tr>
<td title='Parameteization.TestParameterization.getLogin()'><b>getLogin</b><br>Test class: Parameteization.TestParameterization<br>Parameters: null, null</td>
<td></td>
<td>0</td>
<td>Parameteization.TestParameterization@4b5d6a01</td></tr>
<tr>
<td title='Parameteization.TestParameterization.getLogin()'><b>getLogin</b><br>Test class: Parameteization.TestParameterization<br>Parameters: null, null</td>
<td></td>
<td>0</td>
<td>Parameteization.TestParameterization@4b5d6a01</td></tr>
<tr>
<td title='Parameteization.TestParameterization.getLogin()'><b>getLogin</b><br>Test class: Parameteization.TestParameterization<br>Parameters: null, null</td>
<td></td>
<td>0</td>
<td>Parameteization.TestParameterization@4b5d6a01</td></tr>
<tr>
<td title='Parameteization.TestParameterization.getLogin()'><b>getLogin</b><br>Test class: Parameteization.TestParameterization<br>Parameters: null, null</td>
<td></td>
<td>0</td>
<td>Parameteization.TestParameterization@4b5d6a01</td></tr>
<tr>
<td title='Parameteization.TestParameterization.getLogin()'><b>getLogin</b><br>Test class: Parameteization.TestParameterization<br>Parameters: null, null</td>
<td></td>
<td>0</td>
<td>Parameteization.TestParameterization@4b5d6a01</td></tr>
<tr>
<td title='Parameteization.TestParameterization.getLogin()'><b>getLogin</b><br>Test class: Parameteization.TestParameterization<br>Parameters: null, null</td>
<td></td>
<td>0</td>
<td>Parameteization.TestParameterization@4b5d6a01</td></tr>
<tr>
<td title='Parameteization.TestParameterization.getLogin()'><b>getLogin</b><br>Test class: Parameteization.TestParameterization<br>Parameters: null, null</td>
<td></td>
<td>0</td>
<td>Parameteization.TestParameterization@4b5d6a01</td></tr>
<tr>
<td title='Parameteization.TestParameterization.getLogin()'><b>getLogin</b><br>Test class: Parameteization.TestParameterization<br>Parameters: null, null</td>
<td></td>
<td>0</td>
<td>Parameteization.TestParameterization@4b5d6a01</td></tr>
<tr>
<td title='Parameteization.TestParameterization.getLogin()'><b>getLogin</b><br>Test class: Parameteization.TestParameterization<br>Parameters: null, null</td>
<td></td>
<td>0</td>
<td>Parameteization.TestParameterization@4b5d6a01</td></tr>
<tr>
<td title='Parameteization.TestParameterization.getLogin()'><b>getLogin</b><br>Test class: Parameteization.TestParameterization<br>Parameters: null, null</td>
<td></td>
<td>0</td>
<td>Parameteization.TestParameterization@4b5d6a01</td></tr>
<tr>
<td title='Parameteization.TestParameterization.getLogin()'><b>getLogin</b><br>Test class: Parameteization.TestParameterization<br>Parameters: null, null</td>
<td></td>
<td>0</td>
<td>Parameteization.TestParameterization@4b5d6a01</td></tr>
<tr>
<td title='Parameteization.TestParameterization.getLogin()'><b>getLogin</b><br>Test class: Parameteization.TestParameterization<br>Parameters: null, null</td>
<td></td>
<td>0</td>
<td>Parameteization.TestParameterization@4b5d6a01</td></tr>
<tr>
<td title='Parameteization.TestParameterization.getLogin()'><b>getLogin</b><br>Test class: Parameteization.TestParameterization<br>Parameters: null, null</td>
<td></td>
<td>0</td>
<td>Parameteization.TestParameterization@4b5d6a01</td></tr>
<tr>
<td title='Parameteization.TestParameterization.getLogin()'><b>getLogin</b><br>Test class: Parameteization.TestParameterization<br>Parameters: null, null</td>
<td></td>
<td>0</td>
<td>Parameteization.TestParameterization@4b5d6a01</td></tr>
<tr>
<td title='Parameteization.TestParameterization.getLogin()'><b>getLogin</b><br>Test class: Parameteization.TestParameterization<br>Parameters: null, null</td>
<td></td>
<td>0</td>
<td>Parameteization.TestParameterization@4b5d6a01</td></tr>
<tr>
<td title='Parameteization.TestParameterization.getLogin()'><b>getLogin</b><br>Test class: Parameteization.TestParameterization<br>Parameters: null, null</td>
<td></td>
<td>0</td>
<td>Parameteization.TestParameterization@4b5d6a01</td></tr>
<tr>
<td title='Parameteization.TestParameterization.getLogin()'><b>getLogin</b><br>Test class: Parameteization.TestParameterization<br>Parameters: null, null</td>
<td></td>
<td>0</td>
<td>Parameteization.TestParameterization@4b5d6a01</td></tr>
<tr>
<td title='Parameteization.TestParameterization.getLogin()'><b>getLogin</b><br>Test class: Parameteization.TestParameterization<br>Parameters: null, null</td>
<td></td>
<td>0</td>
<td>Parameteization.TestParameterization@4b5d6a01</td></tr>
<tr>
<td title='Parameteization.TestParameterization.getLogin()'><b>getLogin</b><br>Test class: Parameteization.TestParameterization<br>Parameters: null, null</td>
<td></td>
<td>0</td>
<td>Parameteization.TestParameterization@4b5d6a01</td></tr>
<tr>
<td title='Parameteization.TestParameterization.getLogin()'><b>getLogin</b><br>Test class: Parameteization.TestParameterization<br>Parameters: null, null</td>
<td></td>
<td>0</td>
<td>Parameteization.TestParameterization@4b5d6a01</td></tr>
<tr>
<td title='Parameteization.TestParameterization.getLogin()'><b>getLogin</b><br>Test class: Parameteization.TestParameterization<br>Parameters: null, null</td>
<td></td>
<td>0</td>
<td>Parameteization.TestParameterization@4b5d6a01</td></tr>
<tr>
<td title='Parameteization.TestParameterization.getLogin()'><b>getLogin</b><br>Test class: Parameteization.TestParameterization<br>Parameters: null, null</td>
<td></td>
<td>0</td>
<td>Parameteization.TestParameterization@4b5d6a01</td></tr>
<tr>
<td title='Parameteization.TestParameterization.getLogin()'><b>getLogin</b><br>Test class: Parameteization.TestParameterization<br>Parameters: null, null</td>
<td></td>
<td>0</td>
<td>Parameteization.TestParameterization@4b5d6a01</td></tr>
<tr>
<td title='Parameteization.TestParameterization.getLogin()'><b>getLogin</b><br>Test class: Parameteization.TestParameterization<br>Parameters: null, null</td>
<td></td>
<td>0</td>
<td>Parameteization.TestParameterization@4b5d6a01</td></tr>
<tr>
<td title='Parameteization.TestParameterization.getLogin()'><b>getLogin</b><br>Test class: Parameteization.TestParameterization<br>Parameters: null, null</td>
<td></td>
<td>0</td>
<td>Parameteization.TestParameterization@4b5d6a01</td></tr>
<tr>
<td title='Parameteization.TestParameterization.getLogin()'><b>getLogin</b><br>Test class: Parameteization.TestParameterization<br>Parameters: null, null</td>
<td></td>
<td>0</td>
<td>Parameteization.TestParameterization@4b5d6a01</td></tr>
<tr>
<td title='Parameteization.TestParameterization.getLogin()'><b>getLogin</b><br>Test class: Parameteization.TestParameterization<br>Parameters: null, null</td>
<td></td>
<td>0</td>
<td>Parameteization.TestParameterization@4b5d6a01</td></tr>
</table><p>
<table width='100%' border='1' class='invocation-skipped'>
<tr><td colspan='4' align='center'><b>SKIPPED TESTS</b></td></tr>
<tr><td><b>Test method</b></td>
<td width="30%"><b>Exception</b></td>
<td width="10%"><b>Time (seconds)</b></td>
<td><b>Instance</b></td>
</tr>
<tr>
<td title='Parameteization.TestParameterizationExcel.testData()'><b>testData</b><br>Test class: Parameteization.TestParameterizationExcel</td>
<td><div><pre>java.lang.RuntimeException: java.lang.NoClassDefFoundError: org/apache/xmlbeans/XmlObject
	at java.base/java.util.ArrayList.forEach(ArrayList.java:1510)
Caused by: java.lang.NoClassDefFoundError: org/apache/xmlbeans/XmlObject
	at utilities.ExcelReader.&lt;init&gt;(ExcelReader.java:40)
	at Parameteization.TestParameterizationExcel.getData(TestParameterizationExcel.java:25)
	... 26 more
Caused by: java.lang.ClassNotFoundException: org.apache.xmlbeans.XmlObject
	at java.base/jdk.internal.loader.BuiltinClassLoader.loadClass(BuiltinClassLoader.java:602)
	at java.base/jdk.internal.loader.ClassLoaders$AppClassLoader.loadClass(ClassLoaders.java:178)
	at java.base/java.lang.ClassLoader.loadClass(ClassLoader.java:522)
	... 35 more
... Removed 33 stack frames</pre></div><a href='#' onClick='toggleBox("stack-trace589016913", this, "Click to show all stack frames", "Click to hide stack frames")'>Click to show all stack frames</a>
<div class='stack-trace' id='stack-trace589016913'><pre>java.lang.RuntimeException: java.lang.NoClassDefFoundError: org/apache/xmlbeans/XmlObject
	at org.testng.internal.MethodInvocationHelper.invokeMethodNoCheckedException(MethodInvocationHelper.java:51)
	at org.testng.internal.MethodInvocationHelper.invokeDataProvider(MethodInvocationHelper.java:147)
	at org.testng.internal.Parameters.handleParameters(Parameters.java:801)
	at org.testng.internal.Parameters.handleParameters(Parameters.java:744)
	at org.testng.internal.ParameterHandler.handleParameters(ParameterHandler.java:59)
	at org.testng.internal.ParameterHandler.createParameters(ParameterHandler.java:38)
	at org.testng.internal.TestInvoker$MethodInvocationAgent.invoke(TestInvoker.java:783)
	at org.testng.internal.TestInvoker.invokeTestMethods(TestInvoker.java:146)
	at org.testng.internal.TestMethodWorker.invokeTestMethods(TestMethodWorker.java:146)
	at org.testng.internal.TestMethodWorker.run(TestMethodWorker.java:128)
	at java.base/java.util.ArrayList.forEach(ArrayList.java:1510)
	at org.testng.TestRunner.privateRun(TestRunner.java:766)
	at org.testng.TestRunner.run(TestRunner.java:587)
	at org.testng.SuiteRunner.runTest(SuiteRunner.java:384)
	at org.testng.SuiteRunner.runSequentially(SuiteRunner.java:378)
	at org.testng.SuiteRunner.privateRun(SuiteRunner.java:337)
	at org.testng.SuiteRunner.run(SuiteRunner.java:286)
	at org.testng.SuiteRunnerWorker.runSuite(SuiteRunnerWorker.java:53)
	at org.testng.SuiteRunnerWorker.run(SuiteRunnerWorker.java:96)
	at org.testng.TestNG.runSuitesSequentially(TestNG.java:1187)
	at org.testng.TestNG.runSuitesSequentially(TestNG.java:1182)
	at org.testng.TestNG.runSuitesLocally(TestNG.java:1109)
	at org.testng.TestNG.runSuites(TestNG.java:1039)
	at org.testng.TestNG.run(TestNG.java:1007)
	at org.testng.remote.AbstractRemoteTestNG.run(AbstractRemoteTestNG.java:115)
	at org.testng.remote.RemoteTestNG.initAndRun(RemoteTestNG.java:251)
	at org.testng.remote.RemoteTestNG.main(RemoteTestNG.java:77)
Caused by: java.lang.NoClassDefFoundError: org/apache/xmlbeans/XmlObject
	at utilities.ExcelReader.&lt;init&gt;(ExcelReader.java:40)
	at Parameteization.TestParameterizationExcel.getData(TestParameterizationExcel.java:25)
	at java.base/jdk.internal.reflect.NativeMethodAccessorImpl.invoke0(Native Method)
	at java.base/jdk.internal.reflect.NativeMethodAccessorImpl.invoke(NativeMethodAccessorImpl.java:62)
	at java.base/jdk.internal.reflect.DelegatingMethodAccessorImpl.invoke(DelegatingMethodAccessorImpl.java:43)
	at java.base/java.lang.reflect.Method.invoke(Method.java:564)
	at org.testng.internal.MethodInvocationHelper.invokeMethod(MethodInvocationHelper.java:134)
	at org.testng.internal.MethodInvocationHelper.invokeMethod(MethodInvocationHelper.java:78)
	at org.testng.internal.MethodInvocationHelper.invokeMethodNoCheckedException(MethodInvocationHelper.java:47)
	... 26 more
Caused by: java.lang.ClassNotFoundException: org.apache.xmlbeans.XmlObject
	at java.base/jdk.internal.loader.BuiltinClassLoader.loadClass(BuiltinClassLoader.java:602)
	at java.base/jdk.internal.loader.ClassLoaders$AppClassLoader.loadClass(ClassLoaders.java:178)
	at java.base/java.lang.ClassLoader.loadClass(ClassLoader.java:522)
	... 35 more
</pre></div></td>
<td>0</td>
<td>Parameteization.TestParameterizationExcel@3c130745</td></tr>
</table><p>
</body>
</html>