<?xml version="1.0" encoding="UTF-8"?>
<!-- Generated by org.testng.reporters.JUnitXMLReporter -->
<testsuite ignored="0" hostname="LAPTOP-PJLE7QB8" failures="2" tests="43" name="Test" time="102.983" errors="0" timestamp="2020-06-24T10:08:59 EDT">
  <testcase classname="expediatest.BaseExpedia" name="expediahome" time="9.446"/>
  <testcase classname="expediatest.expediaElement" name="exElement" time="8.638"/>
  <testcase classname="expediatest.BaseExpedia" name="expediahome" time="15.409"/>
  <testcase classname="expediatest.CheckBox" name="box" time="6.514"/>
  <testcase classname="Parameteization.TestParameterization" name="getLogin" time="0.002"/>
  <testcase classname="Parameteization.TestParameterization" name="getLogin" time="0.001"/>
  <testcase classname="Parameteization.TestParameterization" name="getLogin" time="0.001"/>
  <testcase classname="Parameteization.TestParameterization" name="getLogin" time="0.002"/>
  <testcase classname="Parameteization.TestParameterization" name="getLogin" time="0.001"/>
  <testcase classname="Parameteization.TestParameterization" name="getLogin" time="0.003"/>
  <testcase classname="Parameteization.TestParameterization" name="getLogin" time="0.001"/>
  <testcase classname="Parameteization.TestParameterization" name="getLogin" time="0.001"/>
  <testcase classname="Parameteization.TestParameterization" name="getLogin" time="0.001"/>
  <testcase classname="Parameteization.TestParameterization" name="getLogin" time="0.001"/>
  <testcase classname="Parameteization.TestParameterization" name="getLogin" time="0.001"/>
  <testcase classname="Parameteization.TestParameterization" name="getLogin" time="0.003"/>
  <testcase classname="Parameteization.TestParameterization" name="getLogin" time="0.007"/>
  <testcase classname="Parameteization.TestParameterization" name="getLogin" time="0.005"/>
  <testcase classname="Parameteization.TestParameterization" name="getLogin" time="0.003"/>
  <testcase classname="Parameteization.TestParameterization" name="getLogin" time="0.005"/>
  <testcase classname="Parameteization.TestParameterization" name="getLogin" time="0.001"/>
  <testcase classname="Parameteization.TestParameterization" name="getLogin" time="0.001"/>
  <testcase classname="Parameteization.TestParameterization" name="getLogin" time="0.001"/>
  <testcase classname="Parameteization.TestParameterization" name="getLogin" time="0.004"/>
  <testcase classname="Parameteization.TestParameterization" name="getLogin" time="0.001"/>
  <testcase classname="Parameteization.TestParameterization" name="getLogin" time="0.001"/>
  <testcase classname="Parameteization.TestParameterization" name="getLogin" time="0.001"/>
  <testcase classname="Parameteization.TestParameterization" name="getLogin" time="0.001"/>
  <testcase classname="Parameteization.TestParameterization" name="getLogin" time="0.001"/>
  <testcase classname="Parameteization.TestParameterization" name="getLogin" time="0.003"/>
  <testcase classname="Parameteization.TestParameterization" name="getLogin" time="0.002"/>
  <testcase classname="Parameteization.TestParameterization" name="getLogin" time="0.001"/>
  <testcase classname="Parameteization.TestParameterization" name="getLogin" time="0.002"/>
  <testcase classname="Parameteization.TestParameterization" name="getLogin" time="0.002"/>
  <testcase classname="Parameteization.TestParameterization" name="getLogin" time="0.007"/>
  <testcase classname="Parameteization.TestParameterization" name="getLogin" time="0.001"/>
  <testcase classname="expediatest.Assertions" name="AssertionsRep" time="0.001">
    <failure type="java.lang.AssertionError" message="The following asserts failed:
	expected [Yahoo] but found [gmail],
	expected [false] but found [true]">
      <![CDATA[java.lang.AssertionError: The following asserts failed:
expected [Yahoo] but found [gmail],
expected [false] but found [true]
at expediatest.Assertions.AssertionsRep(Assertions.java:27)
at java.base/java.util.ArrayList.forEach(ArrayList.java:1510)
... Removed 30 stack frames]]>
    </failure>
  </testcase> <!-- AssertionsRep -->
  <testcase classname="RegressionTest.BaseExpedia" name="expediahome" time="16.331"/>
  <testcase classname="expediatest.BaseExpedia" name="expediahome" time="19.979"/>
  <testcase classname="RegressionTest.BaseExpedia" name="expediahome" time="20.086"/>
  <testcase classname="RegressionTest.CheckBox" name="box" time="6.307"/>
  <testcase classname="Parameteization.TestParameterizationExcel" name="testData" time="0.0">
    <skipped/>
  </testcase> <!-- testData -->
  <testcase classname="Parameteization.ReadWriteExcel" name="writingExcel" time="0.001">
    <failure type="java.lang.NoClassDefFoundError" message="org/apache/xmlbeans/XmlObject">
      <![CDATA[java.lang.NoClassDefFoundError: org/apache/xmlbeans/XmlObject
at Parameteization.ReadWriteExcel.writingExcel(ReadWriteExcel.java:21)
at java.base/java.util.ArrayList.forEach(ArrayList.java:1510)
Caused by: java.lang.ClassNotFoundException: org.apache.xmlbeans.XmlObject
at java.base/jdk.internal.loader.BuiltinClassLoader.loadClass(BuiltinClassLoader.java:602)
at java.base/jdk.internal.loader.ClassLoaders$AppClassLoader.loadClass(ClassLoaders.java:178)
at java.base/java.lang.ClassLoader.loadClass(ClassLoader.java:522)
... 30 more
... Removed 28 stack frames]]>
    </failure>
  </testcase> <!-- writingExcel -->
</testsuite> <!-- Test -->
